
*****************************************
node: n6
.model bigNode
.inputs i2 i3 
.outputs n6
.names i2 i3 n6
11 1
.end

*****************************************
node: n7
.model bigNode
.inputs i2 i3 
.outputs n7
.names i2 i3 n6
11 1
.names i2 n6 n7
10 1
.end

*****************************************
node: n8
.model bigNode
.inputs i1 i2 i3 
.outputs n8
.names i2 i3 n6
11 1
.names i2 n6 n7
10 1
.names i1 n7 n8
00 1
.end

*****************************************
node: f
.model bigNode
.inputs i0 i1 i2 i3 n6 n7 n8 f 
.outputs f
.names i2 i3 n6
11 1
.names i2 n6 n7
10 1
.names i1 n7 n8
00 1
.names i0 n8 f
01 1
.end
